```sql

-- p.88상단
SELECT *
FROM 고객
WHERE 
전화번호 = :tel_no OR 고객명 = :cust_nm

SELECT *
FROM 고객
WHERE 
전화번호 = '010' OR 고객명 = 'ora'

-- p.88하단
SELECT *
FROM 고객
WHERE
    고객명 = 'ora'
UNION ALL
SELECT *
FROM 고객
WHERE
    전화번호 = '010'
AND
    (고객명 <> 'ora' OR 고객명 is null);

-- p.89
-- 상단
SELECT                   * FROM 고객 WHERE 전화번호 = '010' OR 고객명 = 'ora';



SELECT /*+ use_concat */ * FROM 고객 WHERE 전화번호 = '010' OR 고객명 = 'ora';
------------------------------------------------------------------------------------------------
| Id  | Operation                            | Name    | Rows  | Bytes | Cost (%CPU)| Time     |
------------------------------------------------------------------------------------------------
|   0 | SELECT STATEMENT                     |         |  1048 | 47160 |   238   (0)| 00:00:01 |
|   1 |  CONCATENATION                       |         |       |       |            |          |
|   2 |   TABLE ACCESS BY INDEX ROWID BATCHED| 고객    |     1 |    45 |   237   (0)| 00:00:01 |
|*  3 |    INDEX RANGE SCAN                  | 고객_고 |   286 |       |     1   (0)| 00:00:01 |
|*  4 |   TABLE ACCESS BY INDEX ROWID BATCHED| 고객    |  1047 | 47115 |     1   (0)| 00:00:01 |
|*  5 |    INDEX RANGE SCAN                  | 고객_전 |   286 |       |     1   (0)| 00:00:01 |
------------------------------------------------------------------------------------------------



-- 하단
SELECT * FROM 고객 WHERE 전화번호 IN ('010', '011'); 
-- 옵티마이저가 알아서 IN-List Iterator방식을 사용한다.
------------------------------------------------------------------------------------------------
| Id  | Operation                            | Name    | Rows  | Bytes | Cost (%CPU)| Time     |
------------------------------------------------------------------------------------------------
|   0 | SELECT STATEMENT                     |         |    10 |   450 |     2   (0)| 00:00:01 |
|   1 |  INLIST ITERATOR                     |         |       |       |            |          |
|   2 |   TABLE ACCESS BY INDEX ROWID BATCHED| 고객    |    10 |   450 |     2   (0)| 00:00:01 |
|*  3 |    INDEX RANGE SCAN                  | 고객_전 |   423 |       |     2   (0)| 00:00:01 |
------------------------------------------------------------------------------------------------

```
