```sql
-- select * from table(dbms_xplan.display(null, null, 'advanced'));
PLAN_TABLE_OUTPUT
-------------------------------------------------------------------------------------------------------------------Plan hash value: 498549126

--------------------------------------------------------------------------------------------
| Id  | Operation                   | Name         | Rows  | Bytes | Cost (%CPU)| Time     |
--------------------------------------------------------------------------------------------
|   0 | SELECT STATEMENT            |              |     1 |    54 |     3   (0)| 00:00:01 |
|   1 |  TABLE ACCESS BY INDEX ROWID| BIG_TABLE    |     1 |    54 |     3   (0)| 00:00:01 |
|*  2 |   INDEX UNIQUE SCAN         | BIG_TABLE_PK |     1 |       |     2   (0)| 00:00:01 |
--------------------------------------------------------------------------------------------

Query Block Name / Object Alias (identified by operation id):
-------------------------------------------------------------

   1 - SEL$1 / BIG_TABLE@SEL$1
   2 - SEL$1 / BIG_TABLE@SEL$1

Outline Data
-------------
  /*+
      BEGIN_OUTLINE_DATA
      INDEX_RS_ASC(@"SEL$1" "BIG_TABLE"@"SEL$1" ("BIG_TABLE"."ID"))
      OUTLINE_LEAF(@"SEL$1")
      ALL_ROWS
      DB_VERSION('19.1.0')
      OPTIMIZER_FEATURES_ENABLE('19.1.0')
      IGNORE_OPTIM_EMBEDDED_HINTS
      END_OUTLINE_DATA
  */

Predicate Information (identified by operation id):
---------------------------------------------------

   2 - access("ID"=900)

Column Projection Information (identified by operation id):
-----------------------------------------------------------

   1 - "ID"[NUMBER,22], "BIG_TABLE"."OWNER"[VARCHAR2,255],
       "BIG_TABLE"."OBJECT_NAME"[VARCHAR2,255], "BIG_TABLE"."CREATED"[DATE,7]
   2 - "BIG_TABLE".ROWID[ROWID,10], "ID"[NUMBER,22]

Query Block Registry:
---------------------

  <q o="2" f="y"><n><![CDATA[SEL$1]]></n><f><h><t><![CDATA[BIG_TABLE]]></t><s><![CDATA
        [SEL$1]]></s></h></f></q>
```

| --                                                           | advanced | all  | serial | ...  | basic |
| ------------------------------------------------------------ | -------- | ---- | ------ | ---- | ----- |
| PLAN_TABLE_OUTPUT                                            | O        | O    | O      | ...  | O     |
| Query Block Name / Object Alias (identified by operation id) | O        | O    | X      | ...  | X     |
| Outline Data                                                 | O        | X    | X      | ...  | X     |
|                                                              | O        | O    | O      | ...  | X     |
| Column Projection Information (identified by operation id):  | O        | O    | X      | ...  | X     |
| Query Block Registry:                                        | O        | X    | X      | ...  | X     |

