```sql
big_table은 all_objects 테이블을 복사해 만든 1000만건 테이블입니다.

pk ( id )
x01 (owner + created)

3가지 힌트의 실행계획은 아래와 같습니다.


case1 ) select /*+  힌트없음     */ * from big_table X order by id; 
--------------------------------------------------------------------------------------------
| Id  | Operation                   | Name         | Rows  | Bytes | Cost (%CPU)| Time     |
--------------------------------------------------------------------------------------------
|   0 | SELECT STATEMENT            |              |    16M|   831M|   164K  (1)| 00:00:07 |
|   1 |  TABLE ACCESS BY INDEX ROWID| BIG_TABLE    |    16M|   831M|   164K  (1)| 00:00:07 |
|   2 |   INDEX FULL SCAN           | BIG_TABLE_PK |    16M|       |    32K  (1)| 00:00:02 |
--------------------------------------------------------------------------------------------

 case2 ) select /*+  index(X x01) */ * from big_table X order by id; 
----------------------------------------------------------------------------------------------------------
| Id  | Operation                            | Name      | Rows  | Bytes |TempSpc| Cost (%CPU)| Time     |
----------------------------------------------------------------------------------------------------------
|   0 | SELECT STATEMENT                     |           |    16M|   831M|       |  8080K  (1)| 00:05:16 |
|   1 |  SORT ORDER BY                       |           |    16M|   831M|  1050M|  8080K  (1)| 00:05:16 |
|   2 |   TABLE ACCESS BY INDEX ROWID BATCHED| BIG_TABLE |    16M|   831M|       |  7865K  (1)| 00:05:08 |
|   3 |    INDEX FULL SCAN                   | X01       |    16M|       |       |    53K  (1)| 00:00:03 |
----------------------------------------------------------------------------------------------------------

case3 ) select /*+  FULL(X)      */ * from big_table X  order by id;
----------------------------------------------------------------------------------------
| Id  | Operation          | Name      | Rows  | Bytes |TempSpc| Cost (%CPU)| Time     |
----------------------------------------------------------------------------------------
|   0 | SELECT STATEMENT   |           |    16M|   831M|       |   252K  (1)| 00:00:10 |
|   1 |  SORT ORDER BY     |           |    16M|   831M|  1050M|   252K  (1)| 00:00:10 |
|   2 |   TABLE ACCESS FULL| BIG_TABLE |    16M|   831M|       |    37K  (1)| 00:00:02 |
----------------------------------------------------------------------------------------
```

[COST 정리]​

| --                     | IDX OF PK<br>(case1) | IDX OF X01<br>(case2) | **TABLE FULL SCAN**<br>(case3) |
| ---------------------- | -------------------- | --------------------- | ------------------------------ |
| 데이터를 I/O 해오는 것  | 164 K                | 7865 K                | 37 K                           |
| 정렬                   | 0 K                  | 215 K                 | 215 K                          |
| 합계                   | 164K                 | 8080 K                | 252 K                          |

